AirDrums/app/build/intermediates/manifest_merge_blame_file/debug/processDebugMainManifest/manifest-merger-blame-debug-report.txt
1<?xml version="1.0" encoding="utf-8"?>
2<manifest xmlns:android="http://schemas.android.com/apk/res/android"
3    package="com.airdrums"
4    android:versionCode="1"
5    android:versionName="1.0" >
6
7    <uses-sdk
8        android:minSdkVersion="24"
9        android:targetSdkVersion="34" />
10
11    <uses-permission android:name="android.permission.VIBRATE" />
11-->src\main\AndroidManifest.xml:4:5-65
11-->src\main\AndroidManifest.xml:4:22-63
12
13    <uses-feature
13-->src\main\AndroidManifest.xml:6:5-8:35
14        android:name="android.hardware.sensor.accelerometer"
14-->src\main\AndroidManifest.xml:7:9-61
15        android:required="false" />
15-->src\main\AndroidManifest.xml:8:9-33
16
17    <permission
17-->[androidx.core:core:1.13.0] AndroidManifest.xml:22:5-24:47
18        android:name="com.airdrums.DYNAMIC_RECEIVER_NOT_EXPORTED_PERMISSION"
18-->[androidx.core:core:1.13.0] AndroidManifest.xml:23:9-81
19        android:protectionLevel="signature" />
19-->[androidx.core:core:1.13.0] AndroidManifest.xml:24:9-44
20
21    <uses-permission android:name="com.airdrums.DYNAMIC_RECEIVER_NOT_EXPORTED_PERMISSION" />
21-->[androidx.core:core:1.13.0] AndroidManifest.xml:26:5-97
21-->[androidx.core:core:1.13.0] AndroidManifest.xml:26:22-94
22
23    <application
23-->src\main\AndroidManifest.xml:10:5-29:19
24        android:allowBackup="true"
24-->src\main\AndroidManifest.xml:11:9-35
25        android:appComponentFactory="androidx.core.app.CoreComponentFactory"
25-->[androidx.core:core:1.13.0] AndroidManifest.xml:28:18-86
26        android:debuggable="true"
27        android:extractNativeLibs="false"
28        android:icon="@mipmap/ic_launcher"
28-->src\main\AndroidManifest.xml:12:9-43
29        android:label="@string/app_name"
29-->src\main\AndroidManifest.xml:13:9-41
30        android:roundIcon="@mipmap/ic_launcher_round"
30-->src\main\AndroidManifest.xml:14:9-54
31        android:supportsRtl="true"
31-->src\main\AndroidManifest.xml:15:9-35
32        android:theme="@style/Theme.AirDrums" >
32-->src\main\AndroidManifest.xml:16:9-46
33        <activity
33-->src\main\AndroidManifest.xml:18:9-27:20
34            android:name="com.airdrums.MainActivity"
34-->src\main\AndroidManifest.xml:19:13-41
35            android:exported="true"
35-->src\main\AndroidManifest.xml:20:13-36
36            android:screenOrientation="portrait"
36-->src\main\AndroidManifest.xml:21:13-49
37            android:windowSoftInputMode="stateHidden" >
37-->src\main\AndroidManifest.xml:22:13-54
38            <intent-filter>
38-->src\main\AndroidManifest.xml:23:13-26:29
39                <action android:name="android.intent.action.MAIN" />
39-->src\main\AndroidManifest.xml:24:17-68
39-->src\main\AndroidManifest.xml:24:25-66
40
41                <category android:name="android.intent.category.LAUNCHER" />
41-->src\main\AndroidManifest.xml:25:17-76
41-->src\main\AndroidManifest.xml:25:27-74
42            </intent-filter>
43        </activity>
44
45        <provider
45-->[androidx.emoji2:emoji2:1.3.0] AndroidManifest.xml:24:9-32:20
46            android:name="androidx.startup.InitializationProvider"
46-->[androidx.emoji2:emoji2:1.3.0] AndroidManifest.xml:25:13-67
47            android:authorities="com.airdrums.androidx-startup"
47-->[androidx.emoji2:emoji2:1.3.0] AndroidManifest.xml:26:13-68
48            android:exported="false" >
48-->[androidx.emoji2:emoji2:1.3.0] AndroidManifest.xml:27:13-37
49            <meta-data
49-->[androidx.emoji2:emoji2:1.3.0] AndroidManifest.xml:29:13-31:52
50                android:name="androidx.emoji2.text.EmojiCompatInitializer"
50-->[androidx.emoji2:emoji2:1.3.0] AndroidManifest.xml:30:17-75
51                android:value="androidx.startup" />
51-->[androidx.emoji2:emoji2:1.3.0] AndroidManifest.xml:31:17-49
52            <meta-data
52-->[androidx.lifecycle:lifecycle-process:2.6.2] AndroidManifest.xml:29:13-31:52
53                android:name="androidx.lifecycle.ProcessLifecycleInitializer"
53-->[androidx.lifecycle:lifecycle-process:2.6.2] AndroidManifest.xml:30:17-78
54                android:value="androidx.startup" />
54-->[androidx.lifecycle:lifecycle-process:2.6.2] AndroidManifest.xml:31:17-49
55            <meta-data
55-->[androidx.profileinstaller:profileinstaller:1.3.1] AndroidManifest.xml:29:13-31:52
56                android:name="androidx.profileinstaller.ProfileInstallerInitializer"
56-->[androidx.profileinstaller:profileinstaller:1.3.1] AndroidManifest.xml:30:17-85
57                android:value="androidx.startup" />
57-->[androidx.profileinstaller:profileinstaller:1.3.1] AndroidManifest.xml:31:17-49
58        </provider>
59
60        <receiver
60-->[androidx.profileinstaller:profileinstaller:1.3.1] AndroidManifest.xml:34:9-52:20
61            android:name="androidx.profileinstaller.ProfileInstallReceiver"
61-->[androidx.profileinstaller:profileinstaller:1.3.1] AndroidManifest.xml:35:13-76
62            android:directBootAware="false"
62-->[androidx.profileinstaller:profileinstaller:1.3.1] AndroidManifest.xml:36:13-44
63            android:enabled="true"
63-->[androidx.profileinstaller:profileinstaller:1.3.1] AndroidManifest.xml:37:13-35
64            android:exported="true"
64-->[androidx.profileinstaller:profileinstaller:1.3.1] AndroidManifest.xml:38:13-36
65            android:permission="android.permission.DUMP" >
65-->[androidx.profileinstaller:profileinstaller:1.3.1] AndroidManifest.xml:39:13-57
66            <intent-filter>
66-->[androidx.profileinstaller:profileinstaller:1.3.1] AndroidManifest.xml:40:13-42:29
67                <action android:name="androidx.profileinstaller.action.INSTALL_PROFILE" />
67-->[androidx.profileinstaller:profileinstaller:1.3.1] AndroidManifest.xml:41:17-91
67-->[androidx.profileinstaller:profileinstaller:1.3.1] AndroidManifest.xml:41:25-88
68            </intent-filter>
69            <intent-filter>
69-->[androidx.profileinstaller:profileinstaller:1.3.1] AndroidManifest.xml:43:13-45:29
70                <action android:name="androidx.profileinstaller.action.SKIP_FILE" />
70-->[androidx.profileinstaller:profileinstaller:1.3.1] AndroidManifest.xml:44:17-85
70-->[androidx.profileinstaller:profileinstaller:1.3.1] AndroidManifest.xml:44:25-82
71            </intent-filter>
72            <intent-filter>
72-->[androidx.profileinstaller:profileinstaller:1.3.1] AndroidManifest.xml:46:13-48:29
73                <action android:name="androidx.profileinstaller.action.SAVE_PROFILE" />
73-->[androidx.profileinstaller:profileinstaller:1.3.1] AndroidManifest.xml:47:17-88
73-->[androidx.profileinstaller:profileinstaller:1.3.1] AndroidManifest.xml:47:25-85
74            </intent-filter>
75            <intent-filter>
75-->[androidx.profileinstaller:profileinstaller:1.3.1] AndroidManifest.xml:49:13-51:29
76                <action android:name="androidx.profileinstaller.action.BENCHMARK_OPERATION" />
76-->[androidx.profileinstaller:profileinstaller:1.3.1] AndroidManifest.xml:50:17-95
76-->[androidx.profileinstaller:profileinstaller:1.3.1] AndroidManifest.xml:50:25-92
77            </intent-filter>
78        </receiver>
79    </application>
80
81</manifest>